2018-07-09 15:59:44,084 INFO  [Log] **************************************************************************************** 
2018-07-09 15:59:44,084 INFO  [Log] **************************************************************************************** 
2018-07-09 15:59:44,084 INFO  [Log] $$$$$$$$$$$$$$$$$$$$$                 Accept Quote       $$$$$$$$$$$$$$$$$$$$$$$$$ 
2018-07-09 15:59:44,084 INFO  [Log] **************************************************************************************** 
2018-07-09 15:59:44,084 INFO  [Log] **************************************************************************************** 
2018-07-09 15:59:50,344 INFO  [Log] Value Entered Field Name:-User Name, Value:-rajput 
2018-07-09 15:59:51,745 INFO  [Log] Value Entered Field Name:-User Password, Value:-123@wxyz 
2018-07-09 15:59:54,705 INFO  [Log] Button clicked:- Login 
2018-07-09 15:59:54,705 INFO  [Log] User logged into Vision 
2018-07-09 16:01:51,941 INFO  [Log] **************************************************************************************** 
2018-07-09 16:01:51,941 INFO  [Log] **************************************************************************************** 
2018-07-09 16:01:51,942 INFO  [Log] $$$$$$$$$$$$$$$$$$$$$                 Accept Quote       $$$$$$$$$$$$$$$$$$$$$$$$$ 
2018-07-09 16:01:51,942 INFO  [Log] **************************************************************************************** 
2018-07-09 16:01:51,942 INFO  [Log] **************************************************************************************** 
2018-07-09 16:01:57,770 INFO  [Log] Value Entered Field Name:-User Name, Value:-rajput 
2018-07-09 16:01:59,207 INFO  [Log] Value Entered Field Name:-User Password, Value:-123@wxyz 
2018-07-09 16:02:01,815 INFO  [Log] Button clicked:- Login 
2018-07-09 16:02:01,815 INFO  [Log] User logged into Vision 
2018-07-09 16:04:30,792 INFO  [Log] **************************************************************************************** 
2018-07-09 16:04:30,792 INFO  [Log] **************************************************************************************** 
2018-07-09 16:04:30,792 INFO  [Log] $$$$$$$$$$$$$$$$$$$$$                 Accept Quote       $$$$$$$$$$$$$$$$$$$$$$$$$ 
2018-07-09 16:04:30,792 INFO  [Log] **************************************************************************************** 
2018-07-09 16:04:30,792 INFO  [Log] **************************************************************************************** 
2018-07-09 16:04:36,703 INFO  [Log] Value Entered Field Name:-User Name, Value:-rajput 
2018-07-09 16:04:38,112 INFO  [Log] Value Entered Field Name:-User Password, Value:-123@wxyz 
2018-07-09 16:04:40,747 INFO  [Log] Button clicked:- Login 
2018-07-09 16:04:40,747 INFO  [Log] User logged into Vision 
2018-07-09 16:04:44,223 INFO  [Log] Link clicked Name:- j_idt36:5:j_idt38:1:j_idt39 
2018-07-09 16:04:45,768 INFO  [Log] Value Entered Field Name:-filterQuoteIdTxt, Value:-456934 
2018-07-09 16:04:47,137 INFO  [Log] Button clicked:- Search 
2018-07-09 16:04:57,540 ERROR [Log] Class-AcceptPageObject | Method-findRecord | Exception desc : Expected condition failed: waiting for element to be clickable: By.xpath: .//*[contains(text(),'456934')] (tried for 10 second(s) with 500 milliseconds interval) 
2018-07-09 16:06:52,728 INFO  [Log] **************************************************************************************** 
2018-07-09 16:06:52,729 INFO  [Log] **************************************************************************************** 
2018-07-09 16:06:52,729 INFO  [Log] $$$$$$$$$$$$$$$$$$$$$                 Accept Quote       $$$$$$$$$$$$$$$$$$$$$$$$$ 
2018-07-09 16:06:52,729 INFO  [Log] **************************************************************************************** 
2018-07-09 16:06:52,729 INFO  [Log] **************************************************************************************** 
2018-07-09 16:07:00,000 INFO  [Log] Value Entered Field Name:-User Name, Value:-rajput 
2018-07-09 16:07:01,392 INFO  [Log] Value Entered Field Name:-User Password, Value:-123@wxyz 
2018-07-09 16:07:03,969 INFO  [Log] Button clicked:- Login 
2018-07-09 16:07:03,969 INFO  [Log] User logged into Vision 
2018-07-09 16:07:07,209 INFO  [Log] Link clicked Name:- j_idt36:5:j_idt38:1:j_idt39 
2018-07-09 16:07:08,772 INFO  [Log] Value Entered Field Name:-filterQuoteIdTxt, Value:-456934 
2018-07-09 16:07:10,155 INFO  [Log] Button clicked:- Search 
2018-07-09 16:07:20,612 ERROR [Log] Class-AcceptPageObject | Method-findRecord | Exception desc : Expected condition failed: waiting for element to be clickable: By.xpath: .//*[contains(text(),'456934')] (tried for 10 second(s) with 500 milliseconds interval) 

---Added text
--New text
